<?xml version="1.0" encoding="UTF-8"?>
<!-- Generated by org.testng.reporters.JUnitXMLReporter -->
<testsuite ignored="4" hostname="DESKTOP-OK8075E" failures="0" tests="5" name="Test" time="0.279" errors="0" timestamp="2021-06-22T15:23:38 IST">
  <testcase classname="testng.Group" name="testCase1" time="0.019"/>
  <testcase classname="testng.Group" name="testCase3" time="0.002"/>
  <testcase classname="testng.Group" name="testCase5" time="0.002"/>
  <testcase classname="testng.Group" name="testCase7" time="0.002"/>
  <testcase classname="testng.Group" name="testCase9" time="0.001"/>
  <testcase classname="testng.Group" name="testCase4" time="0.0">
    <ignored/>
  </testcase> <!-- testCase4 -->
  <testcase classname="testng.Group" name="testCase8" time="0.0">
    <ignored/>
  </testcase> <!-- testCase8 -->
  <testcase classname="testng.Group" name="testCase2" time="0.0">
    <ignored/>
  </testcase> <!-- testCase2 -->
  <testcase classname="testng.Group" name="testCase6" time="0.0">
    <ignored/>
  </testcase> <!-- testCase6 -->
</testsuite> <!-- Test -->
