<?xml version="1.0" encoding="UTF-8"?>
<testng-results ignored="0" total="1" passed="1" failed="0" skipped="0">
  <reporter-output>
  </reporter-output>
  <suite started-at="2021-07-09T17:14:15 IST" name="Default suite" finished-at="2021-07-09T17:15:07 IST" duration-ms="52456">
    <groups>
    </groups>
    <test started-at="2021-07-09T17:14:15 IST" name="Default test" finished-at="2021-07-09T17:15:07 IST" duration-ms="52456">
      <class name="testNG.MyProfileTestNG">
        <test-method is-config="true" signature="launchApplication()[pri:0, instance:testNG.MyProfileTestNG@32ee6fee]" started-at="2021-07-09T17:14:15 IST" name="launchApplication" finished-at="2021-07-09T17:14:59 IST" duration-ms="44259" status="PASS">
          <reporter-output>
          </reporter-output>
        </test-method> <!-- launchApplication -->
        <test-method signature="f()[pri:0, instance:testNG.MyProfileTestNG@32ee6fee]" started-at="2021-07-09T17:14:59 IST" name="f" finished-at="2021-07-09T17:15:06 IST" duration-ms="7021" status="PASS">
          <reporter-output>
          </reporter-output>
        </test-method> <!-- f -->
        <test-method is-config="true" signature="afterTest()[pri:0, instance:testNG.MyProfileTestNG@32ee6fee]" started-at="2021-07-09T17:15:06 IST" name="afterTest" finished-at="2021-07-09T17:15:07 IST" duration-ms="1095" status="PASS">
          <reporter-output>
          </reporter-output>
        </test-method> <!-- afterTest -->
      </class> <!-- testNG.MyProfileTestNG -->
    </test> <!-- Default test -->
  </suite> <!-- Default suite -->
</testng-results>
